Arguments: 
  D:\Nodejs\node.exe C:\Users\EDY\AppData\Roaming\npm\node_modules\yarn\bin\yarn.js add vitest =D

PATH: 
  C:\Program Files (x86)\Common Files\Oracle\Java\javapath;d:\Anaconda3;d:\Anaconda3\Library\mingw-w64\bin;d:\Anaconda3\Library\usr\bin;d:\Anaconda3\Library\bin;d:\Anaconda3\Scripts;C:\windows\system32;C:\windows;C:\windows\System32\Wbem;C:\windows\System32\WindowsPowerShell\v1.0\;C:\windows\System32\OpenSSH\;D:\Program Files\MySQL\MySQL Server 5.5\bin;D:\Program Files\Xshell 7\;D:\Nod;js\;C:\Program Files\Git\cmd;D:\Nodejs\;C:\Users\EDY\AppData\Roaming\npm;;D:\微信web开发者工具\dll;C:\Users\EDY\AppData\Local\Microsoft\WindowsApps;d:\PyCharm Community Edition 2021.2.3\bin;;D:\Program Files\IntelliJ IDEA 2021.2.3\bin;D:\Nodejs\node_global;;D:\Microsoft VS Code\bin;C:\Program Files\Git;D:\Nodejs\node_global;C:\Users\EDY\AppData\Roaming\npm;D:\Nodejs\node_global;C:\Users\EDY\AppData\Local\GitHubDesktop\bin

Yarn version: 
  1.22.19

Node version: 
  16.14.0

Platform: 
  win32 x64

Trace: 
  Error: https://registry.yarnpkg.com/=D: Not found
      at Request.params.callback [as _callback] (C:\Users\EDY\AppData\Roaming\npm\node_modules\yarn\lib\cli.js:66145:18)
      at Request.self.callback (C:\Users\EDY\AppData\Roaming\npm\node_modules\yarn\lib\cli.js:140890:22)
      at Request.emit (node:events:520:28)
      at Request.<anonymous> (C:\Users\EDY\AppData\Roaming\npm\node_modules\yarn\lib\cli.js:141862:10)
      at Request.emit (node:events:520:28)
      at IncomingMessage.<anonymous> (C:\Users\EDY\AppData\Roaming\npm\node_modules\yarn\lib\cli.js:141784:12)
      at Object.onceWrapper (node:events:639:28)
      at IncomingMessage.emit (node:events:532:35)
      at endReadableNT (node:internal/streams/readable:1346:12)
      at processTicksAndRejections (node:internal/process/task_queues:83:21)

npm manifest: 
  {
    "name": "refactoring",
    "version": "1.0.0",
    "main": "main.js",
    "repository": "https://github.com/PLAxiaoxin/refactoring.git",
    "author": "PLAxiaoxin <15820485835@163.com>",
    "license": "MIT",
    "scripts": {
      "test": "vitest"
    },
    "dependencies": {},
    "devDependencies": {}
  }

yarn manifest: 
  No manifest

Lockfile: 
  # THIS IS AN AUTOGENERATED FILE. DO NOT EDIT THIS FILE DIRECTLY.
  # yarn lockfile v1
